<?xml version="1.0" encoding="UTF-8"?>
<!-- Generated by org.testng.reporters.JUnitReportReporter -->
<testsuite hostname="DESKTOP-D242PPA" failures="0" tests="1" name="TestNG.testcase" time="2.405" errors="0" timestamp="2025-05-22T09:33:05 IST" skipped="0">
  <testcase classname="TestNG.testcase" name="testlogin" time="2.405"/>
</testsuite> <!-- TestNG.testcase -->
