<?xml version="1.0" encoding="UTF-8"?>
<!-- Generated by org.testng.reporters.JUnitReportReporter -->
<testsuite hostname="DESKTOP-D242PPA" failures="0" tests="2" name="TestNG.orangeHRM" time="41.193" errors="0" timestamp="2025-05-23T08:29:29 IST" skipped="0">
  <testcase classname="TestNG.orangeHRM" name="openapp" time="41.171"/>
  <testcase classname="TestNG.orangeHRM" name="title" time="0.022"/>
</testsuite> <!-- TestNG.orangeHRM -->
