<?xml version="1.0" encoding="UTF-8"?>
<!-- Generated by org.testng.reporters.JUnitReportReporter -->
<testsuite hostname="DESKTOP-D242PPA" failures="0" tests="1" name="TestNG.first_test" time="0.015" errors="0" timestamp="2025-05-16T17:56:25 IST" skipped="0">
  <testcase classname="TestNG.first_test" name="Before" time="0.015"/>
</testsuite> <!-- TestNG.first_test -->
